[array([[ 7.35861788e-08, -3.17552225e-08, -4.28343764e-08, ...,
        -2.04361329e-08,  4.43869241e-08,  1.55531341e-07],
       [ 1.18887304e-07, -1.53421628e-08, -7.02947048e-08, ...,
        -3.88292770e-08,  4.56361452e-08,  2.36410360e-07],
       [ 1.17088150e-07,  2.95079936e-08, -5.79670630e-08, ...,
        -5.53313277e-08,  4.67963202e-10,  1.28799546e-07],
       ...,
       [-1.73575117e-07, -1.23141141e-07, -7.41556354e-08, ...,
        -3.01955535e-08, -2.05406452e-07, -3.22723248e-07],
       [-1.76184812e-07, -1.24713025e-07, -5.79680978e-08, ...,
        -1.87642666e-08, -1.90298941e-07, -3.12021124e-07],
       [-1.83579223e-07, -1.33283537e-07, -4.47420236e-08, ...,
        -1.42853608e-08, -1.86648204e-07, -2.95868476e-07]]), array([[ 3.94966637e-08, -1.51361726e-07, -7.59021056e-09, ...,
         9.08955431e-09,  2.81130627e-08,  1.88753841e-08],
       [ 7.39446711e-08, -2.35745442e-07, -3.87809343e-08, ...,
         1.18831781e-08,  4.20148208e-08, -5.10028352e-08],
       [ 5.95370954e-08, -1.83870878e-07, -5.09775847e-08, ...,
         7.13404073e-09,  2.64755895e-08, -1.60537059e-07],
       ...,
       [ 1.20696388e-07,  1.09841324e-07,  7.86586428e-09, ...,
         1.67835166e-07,  9.49543816e-08,  2.40298795e-07],
       [ 1.20848163e-07,  1.10867167e-07,  2.61707997e-08, ...,
         1.68895453e-07,  1.06011090e-07,  1.02157793e-07],
       [ 1.28042025e-07,  1.10798444e-07,  5.46224022e-08, ...,
         1.75985071e-07,  1.31204420e-07,  2.87974409e-08]]), array([[-8.22121594e-08,  6.85633196e-09, -4.61545978e-08, ...,
        -6.69566671e-08,  3.76872893e-08,  4.76020635e-08],
       [-1.23367270e-07,  2.88484897e-08, -5.46225434e-08, ...,
        -1.37845909e-07, -2.49833040e-09, -6.63015706e-08],
       [-8.66715954e-08,  4.44833711e-08, -1.70816740e-08, ...,
        -1.63766683e-07, -8.33587440e-08, -1.96997211e-07],
       ...,
       [-5.32578356e-08, -5.36512878e-08,  4.85712172e-08, ...,
        -1.77038193e-08, -7.06274268e-08, -2.17695263e-07],
       [-4.43858224e-08, -4.86351731e-08,  4.46304046e-08, ...,
        -7.47132471e-09, -6.36756075e-08, -1.47149293e-07],
       [-2.02967575e-08, -4.83815813e-08,  4.90003440e-08, ...,
         1.09147452e-08, -6.44238989e-08, -1.04711958e-07]]), array([[ 1.32677866e-08, -5.63007837e-09, -5.18584551e-08, ...,
         6.10321546e-08,  6.82684118e-08,  1.31379584e-07],
       [ 1.76890639e-08, -2.50764873e-08, -7.62699947e-08, ...,
         1.06924240e-07,  1.09828925e-07,  1.73974327e-07],
       [ 8.52784406e-09, -3.63383295e-08, -6.89050153e-08, ...,
         1.04964281e-07,  8.96310677e-08,  1.27280696e-07],
       ...,
       [ 1.29240858e-07,  7.06943692e-08,  3.94918780e-08, ...,
         1.29451692e-07,  1.27224124e-07,  3.10061860e-07],
       [ 1.18117999e-07,  7.94560686e-08,  3.81982410e-08, ...,
         1.12290926e-07,  1.14328377e-07,  2.77747456e-07],
       [ 9.02176530e-08,  8.70209409e-08,  3.17962199e-08, ...,
         9.19022464e-08,  9.07403636e-08,  2.60140010e-07]]), array([[-3.97656275e-08, -3.48977629e-08,  1.01963001e-07, ...,
        -2.17318995e-07, -1.48033378e-07, -3.21537419e-07],
       [-6.44428856e-08, -5.82380016e-08,  1.58859888e-07, ...,
        -3.38080513e-07, -2.37561035e-07, -3.69657724e-07],
       [-6.64144512e-08, -6.18365482e-08,  1.29620339e-07, ...,
        -2.87042313e-07, -1.97684709e-07, -1.05083765e-07],
       ...,
       [ 2.94142099e-08,  6.21194042e-08, -8.57657305e-08, ...,
         1.82743383e-07,  6.18693844e-08,  1.82996553e-07],
       [ 4.10166083e-08,  7.25402664e-08, -6.59642314e-08, ...,
         1.85521144e-07,  5.17398235e-08,  2.99688918e-07],
       [ 5.81256353e-08,  8.59168378e-08, -5.39156745e-08, ...,
         2.02186091e-07,  4.04368726e-08,  3.56686825e-07]]), array([[ 4.43023258e-08,  8.71540307e-08, -6.16880135e-08, ...,
         1.91582576e-07,  4.35871254e-08,  9.91381740e-08],
       [ 7.48888433e-08,  1.43436671e-07, -1.00629163e-07, ...,
         3.12196321e-07,  7.84204529e-08,  1.82172564e-07],
       [ 8.25306849e-08,  1.28629037e-07, -8.54861483e-08, ...,
         2.79112593e-07,  7.85562064e-08,  2.13155206e-07],
       ...,
       [ 4.09309599e-08, -4.85706655e-08,  1.99699348e-09, ...,
        -1.78482127e-07, -5.06971672e-08, -3.76066851e-07],
       [ 1.37232916e-08, -5.60054659e-08,  2.42391849e-08, ...,
        -1.73599253e-07, -1.32799121e-08, -4.38628586e-07],
       [ 9.40195692e-10, -6.91962471e-08,  7.59115871e-08, ...,
        -1.76926910e-07,  1.88665854e-08, -3.51561285e-07]]), array([[-2.97045113e-08,  3.22526616e-08,  1.05793204e-07, ...,
        -1.34445147e-07, -2.56982543e-08, -3.09646828e-08],
       [-1.77595828e-08,  6.42807391e-08,  1.74562805e-07, ...,
        -1.92797826e-07, -7.18116220e-08, -7.14382275e-09],
       [ 7.33889022e-09,  6.99120340e-08,  1.48822693e-07, ...,
        -1.45380758e-07, -1.09796510e-07, -1.54764596e-08],
       ...,
       [ 6.84675024e-08, -6.82608887e-09, -3.87198765e-08, ...,
         1.77158204e-07, -7.84539156e-08,  2.69869112e-07],
       [ 6.11356340e-08, -2.23240806e-10, -5.35885628e-08, ...,
         1.69718610e-07, -1.14070206e-07,  3.08176838e-07],
       [ 5.57053127e-08, -1.76287124e-09, -7.53861793e-08, ...,
         1.75290166e-07, -1.21804564e-07,  2.49855555e-07]]), array([[ 5.04918450e-08,  6.59451109e-09, -2.18773026e-08, ...,
         1.37018895e-07,  7.88313470e-08,  3.37492544e-08],
       [ 9.64097206e-08,  2.59836006e-08, -1.60658282e-08, ...,
         2.17138280e-07,  1.44674388e-07,  1.84862520e-07],
       [ 1.08843468e-07,  4.23686085e-08, -9.77837072e-10, ...,
         1.89855181e-07,  1.43305911e-07,  3.17838250e-07],
       ...,
       [-3.57755077e-08, -7.64566305e-09,  1.12468226e-07, ...,
        -1.90373930e-07,  4.85839832e-09, -9.64478151e-08],
       [-3.66498002e-08, -7.54548114e-09,  1.11588574e-07, ...,
        -1.91971881e-07,  2.48465585e-09, -2.02118748e-07],
       [-4.52721129e-08, -1.64230826e-08,  1.12569675e-07, ...,
        -2.14543662e-07, -9.49158464e-09, -3.49564335e-07]]), array([[ 4.13872116e-08,  4.85679475e-08,  2.65010592e-08, ...,
        -7.56944081e-08, -2.29405980e-07, -1.68635095e-07],
       [ 5.47262318e-08,  7.07210090e-08,  3.29191751e-08, ...,
        -1.02094208e-07, -3.32960299e-07, -2.51867183e-07],
       [ 3.24229319e-08,  3.70493946e-08,  7.23177302e-09, ...,
        -7.03679691e-08, -2.58776587e-07, -1.80248839e-07],
       ...,
       [ 1.10221281e-07,  7.17473929e-08, -9.16315731e-09, ...,
         2.01929090e-07,  2.13386861e-07,  1.43682429e-07],
       [ 1.08154282e-07,  7.20397220e-08, -4.80737264e-08, ...,
         1.85976066e-07,  2.26787289e-07, -4.19285462e-08],
       [ 8.33289545e-08,  5.75547012e-08, -8.45881448e-08, ...,
         1.83942734e-07,  2.50397859e-07, -1.97595944e-07]]), array([[ 2.81715664e-08,  9.40067655e-08,  1.48028747e-08, ...,
         5.28483765e-08,  1.90757546e-07,  1.49177713e-07],
       [ 4.55734509e-08,  1.39729190e-07,  5.42099116e-08, ...,
         7.32468569e-08,  3.02338881e-07,  1.98779713e-07],
       [ 2.89206314e-08,  1.15197762e-07,  7.77703863e-08, ...,
         5.15772862e-08,  2.70434285e-07,  9.97845761e-08],
       ...,
       [-8.59569110e-08,  3.71325133e-09, -1.60126503e-07, ...,
        -2.29195900e-07, -4.19410483e-07, -4.20650435e-07],
       [-1.02028763e-07,  7.89635194e-10, -1.63487582e-07, ...,
        -2.22377562e-07, -4.30694608e-07, -5.53030799e-07],
       [-1.19072234e-07, -7.12755483e-09, -1.76013226e-07, ...,
        -2.29746758e-07, -4.42720378e-07, -5.58177287e-07]]), array([[ 8.60654409e-08,  5.96435266e-08,  2.14940817e-07, ...,
        -1.56940535e-08, -2.38148989e-08, -1.86760605e-07],
       [ 1.54245989e-07,  1.27976671e-07,  3.49780489e-07, ...,
         3.41391965e-09, -1.95731710e-08, -2.70842556e-07],
       [ 1.65699481e-07,  1.46000163e-07,  3.23605431e-07, ...,
         4.29459108e-08, -5.09024122e-09, -2.03942424e-07],
       ...,
       [-3.62926360e-08, -1.51819582e-08,  1.71930545e-08, ...,
         1.75949913e-07,  3.29018173e-07,  2.94404539e-09],
       [-2.63669323e-08,  1.31745748e-09,  2.22919609e-08, ...,
         1.61186200e-07,  2.81085437e-07,  1.73088263e-08],
       [-2.12311118e-08,  7.19661244e-09,  1.86748203e-08, ...,
         1.54587606e-07,  2.55229330e-07,  9.56984322e-08]]), array([[-9.60077750e-09,  7.28671883e-10, -6.61474513e-08, ...,
         2.14059152e-08,  1.06163709e-07,  2.10915851e-07],
       [-2.64994235e-08, -7.64391741e-09, -1.10154079e-07, ...,
         2.43402320e-08,  1.71889518e-07,  3.37813293e-07],
       [-5.05510172e-08, -1.82053587e-08, -1.08786533e-07, ...,
         7.89080707e-09,  1.57790084e-07,  2.95307605e-07],
       ...,
       [ 8.89447458e-08,  8.45076939e-08, -2.61762945e-08, ...,
        -2.18974820e-08, -3.84337228e-07, -1.36955798e-07],
       [ 6.54690926e-08,  4.98287007e-08, -2.78979933e-08, ...,
         2.95793974e-09, -3.55738224e-07, -1.26151717e-07],
       [ 4.92998011e-08,  1.40437896e-08, -1.56565805e-08, ...,
         2.19722478e-08, -3.46538315e-07, -1.78293265e-07]]), array([[-3.27919701e-08, -1.28745971e-08, -1.03951406e-07, ...,
        -8.60861443e-08,  3.03693468e-08, -1.37676088e-07],
       [-5.21878784e-08, -7.25690491e-08, -2.03578861e-07, ...,
        -1.18606114e-07,  7.75868280e-08, -2.07487498e-07],
       [-4.79502726e-08, -1.10978516e-07, -2.24687022e-07, ...,
        -7.95535623e-08,  1.25001710e-07, -6.86076632e-08],
       ...,
       [ 4.31010565e-09, -2.23758093e-08,  8.34138284e-08, ...,
         1.95370390e-07,  2.36475176e-07,  2.40505937e-07],
       [ 2.63172867e-09, -3.43753670e-08,  6.71725470e-08, ...,
         1.70463399e-07,  1.79221509e-07,  2.85096196e-07],
       [-2.58562794e-09, -4.01318771e-08,  4.67683873e-08, ...,
         1.54414903e-07,  1.42969044e-07,  2.87122599e-07]]), array([[-6.11419568e-08, -5.71053697e-08, -9.70148917e-09, ...,
         5.25447305e-08,  3.78643053e-08,  2.20756270e-07],
       [-9.92687791e-08, -9.68383942e-08, -1.74913608e-08, ...,
         6.61930233e-08,  2.31646406e-08,  4.18990921e-07],
       [-7.78971843e-08, -8.36042626e-08, -1.86711876e-08, ...,
         3.87601670e-08, -3.13142264e-08,  4.22944353e-07],
       ...,
       [-1.51866717e-07, -1.02327960e-07, -5.10265849e-08, ...,
        -2.03527241e-07, -1.96437563e-07, -1.68853599e-07],
       [-1.66462195e-07, -1.09584671e-07, -5.36952953e-08, ...,
        -1.90897310e-07, -2.11142204e-07, -2.10482809e-07],
       [-1.82630260e-07, -1.23331052e-07, -4.52181251e-08, ...,
        -1.84458094e-07, -2.52851790e-07, -2.90327278e-07]]), array([[-3.74257695e-08, -1.16612950e-07, -6.70497562e-08, ...,
         6.25107028e-08,  1.56759616e-07,  8.08927192e-08],
       [-6.79708723e-08, -1.78137750e-07, -8.07030911e-08, ...,
         1.02802541e-07,  2.75395440e-07,  6.77836460e-08],
       [-5.45007087e-08, -1.48957335e-07, -3.14577682e-08, ...,
         1.00451885e-07,  2.66389938e-07,  2.00185124e-08],
       ...,
       [ 1.31593096e-07,  2.05061124e-07,  8.13646578e-08, ...,
         1.18189481e-08,  8.55602344e-08, -8.44857932e-09],
       [ 1.23144650e-07,  1.64464990e-07,  7.02927446e-08, ...,
        -1.83130245e-08,  9.12087120e-08, -1.48531796e-08],
       [ 1.35931391e-07,  1.45223438e-07,  7.33982119e-08, ...,
        -4.13325371e-08,  9.14506585e-08, -7.08905520e-09]]), array([[-1.98404552e-07, -5.50757778e-09, -7.12784348e-08, ...,
        -1.44907874e-07, -1.19468865e-07, -2.74682194e-07],
       [-2.90448931e-07,  4.47101201e-08, -1.13577902e-07, ...,
        -2.32303171e-07, -2.07596030e-07, -3.46563064e-07],
       [-2.14418627e-07,  9.70286919e-08, -8.15282206e-08, ...,
        -2.14028931e-07, -2.04769225e-07, -1.27483320e-07],
       ...,
       [ 1.37919703e-07,  8.28275277e-08,  9.10101047e-08, ...,
        -6.86131905e-08, -2.49758050e-08,  3.69645448e-08],
       [ 1.22463495e-07,  3.79165089e-08,  6.74676915e-08, ...,
        -6.73544399e-08,  1.44550452e-08,  1.08588653e-07],
       [ 1.07136276e-07,  1.31421154e-08,  4.47861562e-08, ...,
        -6.63613015e-08,  6.86780181e-08,  1.25496600e-07]])]
[array([[-2.69966061e-08,  2.22502393e-08,  2.46960545e-08, ...,
         9.99916767e-08, -2.69295701e-08,  3.73569670e-09],
       [-3.41816562e-08,  3.42535020e-08,  5.08017817e-08, ...,
         1.56284851e-07, -5.41682768e-08, -5.84947538e-09],
       [-2.47955910e-08,  2.71724574e-08,  5.93234140e-08, ...,
         1.37467155e-07, -6.27473437e-08, -1.70399484e-08],
       ...,
       [ 1.54176438e-08, -2.18301029e-08, -2.80065993e-08, ...,
        -2.21995960e-07, -1.13227113e-07, -1.61390188e-07],
       [ 3.34189816e-08, -3.43541940e-08, -3.10735141e-08, ...,
        -2.19810846e-07, -9.77174357e-08, -1.51431121e-07],
       [ 5.06684194e-08, -5.01949541e-08, -3.60591671e-08, ...,
        -2.28516683e-07, -8.82713322e-08, -1.44657900e-07]]), array([[-8.77405342e-09, -4.75699218e-08, -6.69166166e-08, ...,
        -1.17750297e-07,  1.15288013e-08, -1.57988295e-08],
       [-1.80636254e-08, -6.93708234e-08, -1.05500769e-07, ...,
        -1.79222079e-07,  3.00387756e-08, -1.72075617e-08],
       [-2.27883933e-08, -5.64254014e-08, -9.42050587e-08, ...,
        -1.49521519e-07,  4.10705860e-08, -4.62617146e-09],
       ...,
       [ 3.50378873e-08,  4.59824192e-08,  6.05417558e-08, ...,
         1.73930621e-07,  8.64762993e-08,  1.29239788e-07],
       [ 3.21054469e-08,  4.54037205e-08,  6.13844159e-08, ...,
         1.71004429e-07,  8.09654370e-08,  1.17359165e-07],
       [ 3.16731097e-08,  4.39589508e-08,  6.35423322e-08, ...,
         1.78421159e-07,  8.01866059e-08,  1.09515077e-07]]), array([[ 7.92227296e-10,  6.97349769e-08,  1.75275914e-08, ...,
         4.17012830e-08, -2.45718555e-08, -2.05637575e-08],
       [ 1.33369192e-08,  1.04400299e-07,  2.62781930e-08, ...,
         5.31944342e-08, -3.17530527e-08, -3.48693298e-08],
       [ 3.26310447e-08,  8.01462319e-08,  2.82601360e-08, ...,
         3.29481622e-08, -1.87559536e-08, -3.50670055e-08],
       ...,
       [-7.18040972e-08, -8.78891032e-08, -1.22179100e-07, ...,
        -1.70276065e-07, -4.30925034e-08, -9.93982258e-08],
       [-7.44859510e-08, -8.25770054e-08, -1.21528717e-07, ...,
        -1.59284601e-07, -3.55382758e-08, -8.95976784e-08],
       [-8.43027015e-08, -8.13292619e-08, -1.27114444e-07, ...,
        -1.54983947e-07, -3.38293513e-08, -7.79462469e-08]]), array([[ 2.72997644e-08, -2.59293298e-08, -5.74863927e-08, ...,
        -2.93200446e-08,  4.03711605e-08,  2.12805172e-11],
       [ 4.73721346e-08, -3.79993261e-08, -8.29570931e-08, ...,
        -3.78347030e-08,  7.17537478e-08,  8.94278833e-09],
       [ 3.53467410e-08, -3.26613140e-08, -6.50290624e-08, ...,
        -2.26570329e-08,  7.23372352e-08,  2.27852783e-08],
       ...,
       [ 9.42649070e-08,  5.90011419e-08,  7.31474485e-08, ...,
         1.33614431e-07,  1.12964402e-07,  1.28880607e-07],
       [ 8.71470169e-08,  5.98516625e-08,  7.13480086e-08, ...,
         1.31300657e-07,  1.05804478e-07,  1.19797466e-07],
       [ 7.58276319e-08,  6.22962024e-08,  7.01738514e-08, ...,
         1.34712462e-07,  9.99460660e-08,  1.09966294e-07]]), array([[ 1.56137380e-08, -6.95512561e-09,  3.51564595e-08, ...,
        -8.73959945e-09, -6.84656003e-08, -4.38830630e-08],
       [ 3.16139186e-08, -8.36921244e-09,  6.24872251e-08, ...,
        -1.66220665e-08, -1.04252724e-07, -5.50891296e-08],
       [ 2.85818365e-08, -6.86886902e-09,  5.97931133e-08, ...,
        -1.63708403e-08, -8.87312541e-08, -2.74857383e-08],
       ...,
       [ 1.97079371e-08, -3.67291855e-08, -3.52411321e-08, ...,
        -1.41271351e-07, -2.05185752e-09, -7.48432942e-08],
       [ 4.48432635e-09, -3.29158027e-08, -4.37352781e-08, ...,
        -1.30313378e-07,  8.12570012e-09, -6.02381431e-08],
       [-6.54105122e-09, -2.95849800e-08, -5.43490894e-08, ...,
        -1.25577190e-07,  2.09001185e-08, -5.66414651e-08]]), array([[-1.40606408e-08, -1.86620780e-08, -4.53099553e-08, ...,
        -6.53741048e-08,  4.92682893e-08, -2.89894864e-08],
       [-3.06111513e-08, -3.45893744e-08, -7.62396841e-08, ...,
        -9.89876494e-08,  8.57940960e-08, -4.44187991e-08],
       [-4.10029400e-08, -3.78086380e-08, -7.62465342e-08, ...,
        -8.23807079e-08,  8.58196978e-08, -3.85260771e-08],
       ...,
       [ 2.35357606e-08,  1.79028271e-08,  5.46261227e-08, ...,
         1.64683315e-07,  7.34255322e-08,  1.36613957e-07],
       [ 2.01606398e-08,  2.15570827e-08,  5.96856277e-08, ...,
         1.59642387e-07,  6.09227628e-08,  1.31692543e-07],
       [ 1.67777979e-08,  2.87704992e-08,  6.85426186e-08, ...,
         1.61915609e-07,  4.90996080e-08,  1.31813400e-07]]), array([[ 2.19344149e-08, -1.19521968e-08,  2.09669399e-08, ...,
        -7.63378647e-08, -1.42559861e-07, -9.70183770e-08],
       [ 3.03219417e-08, -2.28433687e-08,  2.79016284e-08, ...,
        -1.30312571e-07, -2.26262190e-07, -1.58404722e-07],
       [ 2.36389443e-08, -2.48805557e-08,  1.80606440e-08, ...,
        -1.28419464e-07, -2.00686947e-07, -1.50299104e-07],
       ...,
       [-9.12585576e-09,  9.17406889e-09, -3.86233766e-08, ...,
         5.17033199e-08,  1.87170353e-07,  1.34340779e-07],
       [-2.62557711e-09,  1.57790075e-08, -3.12024890e-08, ...,
         6.03853082e-08,  1.82983667e-07,  1.24644597e-07],
       [ 8.14539934e-10,  2.05743257e-08, -2.64149874e-08, ...,
         7.71040373e-08,  1.94231303e-07,  1.24092585e-07]]), array([[ 3.36027507e-08,  8.10700111e-09, -4.29060410e-09, ...,
         8.42250453e-08,  1.58984689e-07,  1.05795993e-07],
       [ 6.62242266e-08,  1.30784960e-08,  4.86311043e-10, ...,
         1.37534891e-07,  2.52523777e-07,  1.72626476e-07],
       [ 7.16405789e-08,  1.36727666e-08,  1.16021460e-08, ...,
         1.27934117e-07,  2.21334135e-07,  1.57343068e-07],
       ...,
       [-2.05419334e-08, -8.02744868e-10,  4.70426123e-08, ...,
        -4.35180358e-08, -2.29495056e-07, -1.51125194e-07],
       [-2.95399272e-08, -2.49849870e-09,  4.10793498e-08, ...,
        -5.46301139e-08, -2.30186826e-07, -1.52865131e-07],
       [-4.26856122e-08, -4.14651592e-09,  3.42708866e-08, ...,
        -7.30558888e-08, -2.47087401e-07, -1.64842600e-07]]), array([[-1.90714330e-08, -3.47565861e-08, -7.68625076e-08, ...,
        -9.65423266e-08,  1.71699146e-08, -3.82212828e-09],
       [-3.29735431e-08, -5.66887980e-08, -1.14855397e-07, ...,
        -1.41645751e-07,  3.65138437e-08,  4.90173478e-09],
       [-2.80434580e-08, -5.02397136e-08, -9.12326971e-08, ...,
        -1.13039664e-07,  4.77880950e-08,  1.69481337e-08],
       ...,
       [ 5.38205643e-08,  4.76005343e-08,  5.90156494e-08, ...,
         1.40111206e-07,  1.13251778e-07,  9.17301123e-08],
       [ 4.68633971e-08,  4.40969655e-08,  5.85282945e-08, ...,
         1.35913494e-07,  9.65825766e-08,  8.59324799e-08],
       [ 3.75843415e-08,  3.99735694e-08,  6.13348258e-08, ...,
         1.39528523e-07,  8.13933849e-08,  8.26214360e-08]]), array([[ 3.66435390e-08,  1.41592117e-08,  4.00155412e-08, ...,
         7.46337480e-08, -1.27773744e-08,  8.46755590e-10],
       [ 6.22749553e-08,  1.65141891e-08,  6.02325357e-08, ...,
         1.18971599e-07, -2.25744906e-08,  1.04789501e-09],
       [ 5.32255715e-08,  7.45583376e-09,  4.54154870e-08, ...,
         1.06090833e-07, -2.86919714e-08,  4.72756361e-09],
       ...,
       [ 4.03318441e-09,  2.89924800e-08, -7.04420770e-09, ...,
        -8.46796003e-08, -5.58302095e-08, -8.84053046e-08],
       [ 2.15627728e-08,  3.41565322e-08,  1.82291012e-10, ...,
        -8.58548984e-08, -4.21771044e-08, -7.61023401e-08],
       [ 2.91551349e-08,  4.03384969e-08,  2.48220783e-09, ...,
        -9.26297711e-08, -3.31982200e-08, -6.45721180e-08]]), array([[ 1.49678024e-07, -2.15829299e-08,  7.15660467e-08, ...,
        -2.73181071e-08,  1.90901638e-07,  1.48817081e-07],
       [ 2.27303909e-07, -3.33903129e-08,  1.13297929e-07, ...,
        -4.64125655e-08,  2.89531533e-07,  2.26090845e-07],
       [ 1.82494908e-07, -2.99119513e-08,  9.45129966e-08, ...,
        -4.57078812e-08,  2.42280842e-07,  1.88779180e-07],
       ...,
       [-1.84345738e-08,  5.09317484e-09, -4.73529768e-08, ...,
         4.95939601e-08, -1.69582003e-07, -1.07059513e-07],
       [-3.42345308e-09,  7.92171473e-09, -4.12444634e-08, ...,
         4.76898133e-08, -1.67278272e-07, -1.14072777e-07],
       [ 1.35961102e-08,  1.28681946e-08, -3.71402686e-08, ...,
         4.82400119e-08, -1.73433390e-07, -1.30949744e-07]]), array([[-1.83647296e-08,  3.34862174e-08, -2.69551619e-08, ...,
         3.50712487e-08, -9.33028225e-08, -4.39253915e-08],
       [-3.93788317e-08,  4.92265428e-08, -4.31959584e-08, ...,
         5.90800596e-08, -1.36978365e-07, -5.33507974e-08],
       [-5.34559191e-08,  3.80945860e-08, -4.01066845e-08, ...,
         5.87158759e-08, -1.08175199e-07, -2.49367423e-08],
       ...,
       [-1.12915915e-08, -6.10280107e-08,  2.59334795e-08, ...,
         2.69507256e-08,  1.90182705e-07,  1.52235582e-07],
       [-2.10777989e-08, -6.16055274e-08,  2.54761993e-08, ...,
         2.79408206e-08,  1.79024320e-07,  1.52796275e-07],
       [-3.44168459e-08, -6.21440088e-08,  2.77635002e-08, ...,
         3.14222238e-08,  1.73650857e-07,  1.56809962e-07]]), array([[ 4.06334494e-08,  3.21568296e-08,  3.52257858e-08, ...,
        -1.75729270e-08, -4.96105773e-08, -3.91669150e-08],
       [ 6.31155246e-08,  5.11254344e-08,  5.37036471e-08, ...,
        -3.35385251e-08, -9.32533047e-08, -5.59604776e-08],
       [ 5.87904949e-08,  4.46763555e-08,  4.84041002e-08, ...,
        -3.95398336e-08, -1.02473552e-07, -4.96978995e-08],
       ...,
       [-7.48014338e-08, -2.15021392e-08, -9.52897033e-08, ...,
        -3.39302408e-08, -5.53511895e-09, -1.30291992e-08],
       [-7.72847677e-08, -2.99515405e-08, -9.42934217e-08, ...,
        -2.80267007e-08,  8.75292264e-09, -9.48219724e-09],
       [-8.29271232e-08, -3.70829765e-08, -9.70368225e-08, ...,
        -2.04963268e-08,  2.34709401e-08, -2.08763113e-09]]), array([[-5.91755363e-08, -1.71219689e-08, -4.66784935e-08, ...,
         2.58238466e-08,  5.60655814e-08,  3.15413758e-08],
       [-9.76831579e-08, -2.84674465e-08, -7.40646790e-08, ...,
         4.96433083e-08,  9.68494013e-08,  5.55720611e-08],
       [-8.72525029e-08, -2.54775922e-08, -6.73120781e-08, ...,
         5.40675177e-08,  9.67525809e-08,  5.75980441e-08],
       ...,
       [ 4.95943894e-08,  2.52687430e-08,  1.08404765e-07, ...,
         1.27837040e-07,  8.90483855e-08,  9.75154662e-08],
       [ 4.60027879e-08,  2.60970763e-08,  1.08445302e-07, ...,
         1.19822548e-07,  7.28314545e-08,  8.04622623e-08],
       [ 4.61008074e-08,  2.90431623e-08,  1.14396253e-07, ...,
         1.20182759e-07,  6.13758112e-08,  7.77107464e-08]]), array([[ 6.32238258e-08,  2.78237330e-08,  2.95454667e-08, ...,
        -1.05408567e-07, -1.62162950e-07, -1.56922222e-07],
       [ 9.32636952e-08,  3.14120461e-08,  4.29403748e-08, ...,
        -1.69731810e-07, -2.52109570e-07, -2.47391889e-07],
       [ 6.91528601e-08,  1.30959737e-08,  3.44658745e-08, ...,
        -1.54637476e-07, -2.16975033e-07, -2.10568451e-07],
       ...,
       [-4.80239797e-08, -2.55744879e-08, -9.46163941e-08, ...,
         3.14242327e-08,  1.39693151e-07,  8.23563111e-08],
       [-4.21541474e-08, -1.97736920e-08, -8.19012757e-08, ...,
         3.91980409e-08,  1.54547293e-07,  8.66568811e-08],
       [-3.65564311e-08, -1.47414237e-08, -7.44612904e-08, ...,
         5.06284571e-08,  1.79400307e-07,  1.06982289e-07]]), array([[-3.77633749e-09,  1.59520908e-08, -2.16410949e-08, ...,
         7.14951904e-08,  1.05144488e-07,  7.43109234e-08],
       [-1.41474331e-08,  2.37548341e-08, -4.10071489e-08, ...,
         1.15179359e-07,  1.55852890e-07,  9.95460004e-08],
       [-3.42250323e-08,  1.65234512e-08, -4.64417310e-08, ...,
         1.05762363e-07,  1.22891322e-07,  6.68604851e-08],
       ...,
       [ 1.12405983e-07,  4.29628169e-08,  8.44751814e-08, ...,
         6.34622412e-08, -3.35169231e-08,  1.27959731e-08],
       [ 1.17719311e-07,  4.19495929e-08,  8.70385193e-08, ...,
         6.40638662e-08, -2.93193062e-08,  1.97647488e-08],
       [ 1.15014102e-07,  4.30821651e-08,  9.08389072e-08, ...,
         6.80129743e-08, -3.34132705e-08,  2.30144019e-08]])]
[array([[ 3.56953881e-08, -3.72405702e-08, -9.00649085e-09, ...,
        -3.50063890e-08,  7.17875028e-08,  2.09937413e-08],
       [ 7.61841176e-08, -3.81959915e-08,  1.24714760e-08, ...,
        -4.62672339e-08,  1.31431747e-07,  2.74336070e-08],
       [ 8.61561618e-08, -1.13445526e-08,  3.92240801e-08, ...,
        -3.11629919e-08,  1.29760587e-07,  1.71366595e-08],
       ...,
       [-1.56181082e-07, -9.79815892e-08, -1.65044574e-08, ...,
        -2.60822003e-09, -2.26578800e-07, -2.00441399e-07],
       [-1.34195505e-07, -6.18493014e-08, -6.79582789e-09, ...,
        -1.16073816e-08, -2.38187617e-07, -1.93383578e-07],
       [-9.69958645e-08, -1.39449293e-08,  5.48985714e-09, ...,
        -1.87001711e-08, -2.52139152e-07, -1.81918002e-07]]), array([[-4.34725735e-08,  6.39232266e-08, -6.00441463e-08, ...,
        -2.64544500e-08, -5.79734675e-08, -3.57976571e-08],
       [-6.43125527e-08,  8.44154408e-08, -7.64073288e-08, ...,
        -4.16377725e-08, -7.92430343e-08, -2.96398073e-08],
       [-4.98450968e-08,  5.56081313e-08, -3.97596402e-08, ...,
        -4.94603275e-08, -5.99580882e-08, -2.06762980e-09],
       ...,
       [-4.73235191e-09,  7.78031282e-08,  2.93795642e-08, ...,
        -1.56103437e-08, -2.93681369e-09, -1.69418782e-08],
       [ 1.22591117e-08,  9.67205022e-08,  3.94428142e-08, ...,
        -2.97996495e-08, -5.31698264e-09, -1.05632361e-08],
       [ 4.63449218e-08,  1.26554208e-07,  5.76283312e-08, ...,
        -4.36442260e-08, -3.41116475e-10, -1.89045211e-09]]), array([[ 1.08299710e-07,  9.03558444e-08,  2.62300855e-08, ...,
        -2.67623160e-08, -7.47588834e-08,  2.35335303e-08],
       [ 1.89260582e-07,  1.35035448e-07,  7.82859435e-08, ...,
        -2.71453169e-08, -9.71818546e-08,  6.95435995e-08],
       [ 1.84912869e-07,  1.08654282e-07,  1.19245142e-07, ...,
        -1.08585996e-09, -3.69255108e-08,  1.14873359e-07],
       ...,
       [-1.03108286e-07, -9.15356060e-08, -8.07848468e-08, ...,
        -7.17480620e-08, -1.50130462e-07, -2.76625173e-07],
       [-1.00149572e-07, -9.38864711e-08, -7.87752608e-08, ...,
        -6.16618035e-08, -1.37143527e-07, -2.64537095e-07],
       [-1.10057341e-07, -9.64495733e-08, -9.17713205e-08, ...,
        -5.43844809e-08, -1.32830061e-07, -2.50278062e-07]]), array([[-3.24732669e-09, -6.00960720e-08, -3.30893169e-08, ...,
        -2.04834939e-08, -1.79159682e-08, -4.76760067e-08],
       [-5.44897801e-09, -1.05778748e-07, -4.65974697e-08, ...,
        -3.71852825e-08, -3.48780207e-08, -8.44642020e-08],
       [-3.40643685e-09, -1.07039753e-07, -3.12558737e-08, ...,
        -3.82086924e-08, -4.33505292e-08, -8.58659543e-08],
       ...,
       [-3.17220094e-08, -1.14936358e-07,  4.78396155e-08, ...,
         1.07416025e-07,  1.34903766e-07,  1.47492879e-07],
       [-2.60549091e-08, -1.11524035e-07,  4.37915081e-08, ...,
         9.55287509e-08,  1.17480005e-07,  1.24256457e-07],
       [-3.86217742e-08, -1.25888799e-07,  3.45361512e-08, ...,
         8.45701824e-08,  9.98708751e-08,  1.06372827e-07]]), array([[ 7.07163198e-08,  6.91504998e-08,  1.85446832e-08, ...,
         3.17498633e-08, -6.33947338e-08, -9.94239172e-10],
       [ 1.00238586e-07,  7.88642859e-08,  3.24346427e-08, ...,
         4.97479938e-08, -9.96351657e-08, -1.16625553e-08],
       [ 6.58618362e-08,  1.66785494e-08,  2.28617002e-08, ...,
         4.86350157e-08, -8.39035708e-08, -4.14738719e-08],
       ...,
       [ 1.35538604e-07,  1.51712080e-07,  8.29282230e-09, ...,
        -1.84041374e-08,  7.19451855e-08,  1.72855422e-07],
       [ 1.94604131e-07,  1.19984473e-07,  1.51783894e-08, ...,
        -1.43540397e-08,  7.89689705e-08,  1.92608822e-07],
       [ 2.45294891e-07,  9.84765490e-08,  2.41651286e-08, ...,
        -2.87063444e-08,  8.55235430e-08,  1.93935440e-07]]), array([[ 1.31290996e-07,  4.79628379e-08,  2.26134968e-08, ...,
        -9.03077873e-08,  4.28078511e-08,  4.20672212e-08],
       [ 1.78597412e-07,  8.05909720e-08,  3.33602137e-08, ...,
        -1.49846138e-07,  5.99028395e-08,  3.23242258e-08],
       [ 1.21126624e-07,  9.01098367e-08,  2.62601847e-08, ...,
        -1.37274597e-07,  4.58430060e-08, -1.36241466e-08],
       ...,
       [-4.31338145e-08, -1.26005425e-07,  5.96142775e-10, ...,
         5.94269444e-08, -2.04026611e-08,  4.92610246e-08],
       [-4.39760154e-08, -1.41852121e-07, -1.05252446e-08, ...,
         5.39522392e-08, -3.49286653e-08,  4.22094639e-08],
       [-4.38293836e-08, -1.41915084e-07, -2.90673646e-08, ...,
         4.82977242e-08, -4.99516313e-08,  5.51383190e-08]]), array([[ 7.41568963e-08, -3.09284752e-08,  2.31994079e-08, ...,
         1.07154904e-08,  1.36127166e-09, -9.92234632e-09],
       [ 1.37787767e-07, -6.84533939e-08,  3.78485260e-08, ...,
         2.29940925e-08, -1.53301322e-09, -1.04888315e-08],
       [ 1.42865728e-07, -7.46776497e-08,  4.52853224e-08, ...,
         2.84466839e-08, -7.79626279e-10, -9.07384818e-09],
       ...,
       [ 5.06016141e-08,  2.37486448e-07, -5.03410185e-08, ...,
        -1.16794942e-07, -4.22105457e-08,  9.13955515e-08],
       [ 6.86448441e-08,  2.24000800e-07, -3.01130078e-09, ...,
        -1.15292818e-07, -3.94452300e-08,  1.10894368e-07],
       [ 8.96562102e-08,  2.06019471e-07,  4.58102754e-08, ...,
        -1.17210013e-07, -2.37375863e-08,  1.23050322e-07]]), array([[ 2.14614486e-08,  7.03244791e-08,  1.49275515e-08, ...,
        -7.12071265e-08,  2.21825199e-08,  4.74153809e-08],
       [ 1.11691657e-08,  9.85303304e-08,  4.78443621e-10, ...,
        -1.08300310e-07,  2.35505558e-08,  6.37231452e-08],
       [-1.39169486e-08,  6.54106677e-08, -1.80506538e-08, ...,
        -8.61901643e-08,  2.51004356e-09,  4.35922323e-08],
       ...,
       [ 1.66481111e-07,  6.00401045e-08,  2.90274940e-08, ...,
         7.24525204e-08, -1.64288513e-08,  1.93442728e-07],
       [ 1.68529984e-07,  8.20393485e-08,  1.65137305e-08, ...,
         8.45781007e-08, -1.02621024e-08,  1.59307648e-07],
       [ 1.49588297e-07,  1.14947808e-07,  3.88306532e-09, ...,
         9.06264843e-08, -1.09229799e-08,  1.23137722e-07]]), array([[ 5.74855552e-09, -3.70790844e-08,  6.95259077e-08, ...,
         4.04956340e-08, -3.30489733e-08,  1.83330366e-08],
       [ 4.50249820e-08, -5.01245233e-08,  1.38657143e-07, ...,
         7.27779537e-08, -4.36943836e-08,  5.97927563e-08],
       [ 7.41921152e-08, -4.43155903e-08,  1.43701178e-07, ...,
         7.24326119e-08, -3.32005837e-08,  6.84596566e-08],
       ...,
       [ 1.18161532e-07,  2.59583038e-07,  7.36245830e-08, ...,
        -5.59731661e-08,  6.37701178e-08,  6.84273090e-08],
       [ 9.54065759e-08,  2.34324080e-07,  5.26310013e-08, ...,
        -4.58995891e-08,  7.10217092e-08,  7.35870091e-08],
       [ 6.76801702e-08,  2.15426341e-07,  3.04145425e-08, ...,
        -4.27904153e-08,  8.76050933e-08,  6.75299176e-08]]), array([[-4.74812366e-08, -3.16581796e-08, -9.27932707e-08, ...,
         1.42081373e-08,  3.79850322e-08,  8.25532514e-08],
       [-5.76776999e-08, -7.29800179e-08, -1.23027492e-07, ...,
         2.36657032e-08,  6.06933038e-08,  9.98811590e-08],
       [-2.74058715e-08, -8.88490726e-08, -7.31726835e-08, ...,
         1.93182517e-08,  5.41691178e-08,  3.38473280e-08],
       ...,
       [ 1.73402799e-08, -3.22429238e-08,  1.08720127e-07, ...,
        -1.02977274e-08, -9.70840756e-08, -5.42795800e-08],
       [ 2.43237217e-08, -2.57962469e-08,  1.38416998e-07, ...,
        -1.91618718e-10, -5.53301976e-08, -3.72016650e-08],
       [ 4.41338628e-08, -3.01844688e-09,  1.65099979e-07, ...,
        -7.42269252e-09, -1.87918197e-08, -9.88459777e-09]]), array([[-5.20390564e-08, -1.78504637e-08, -6.04208136e-08, ...,
        -9.71606184e-09, -1.75662186e-08, -2.93143600e-08],
       [-8.62636882e-08, -4.13520731e-08, -7.30352634e-08, ...,
        -2.22455109e-08, -8.52570335e-09, -9.96342328e-09],
       [-8.08219980e-08, -4.39903611e-08, -3.67193465e-08, ...,
        -2.75722612e-08,  1.01966687e-08,  3.65480452e-08],
       ...,
       [-3.34172140e-08, -1.15426158e-07, -3.78945936e-08, ...,
         8.47029958e-09, -1.32802644e-07, -1.84215253e-07],
       [-4.38107177e-08, -1.20503258e-07, -4.76496423e-08, ...,
        -1.22031087e-08, -1.47071884e-07, -1.79797219e-07],
       [-5.77753880e-08, -1.32160555e-07, -6.71057137e-08, ...,
        -4.02115345e-08, -1.63602452e-07, -1.99469279e-07]]), array([[-2.67824216e-08, -5.13467770e-08, -2.76813395e-08, ...,
        -7.18879628e-08, -6.20072913e-08,  1.76234252e-08],
       [-2.92702114e-08, -7.38056225e-08, -4.55015360e-08, ...,
        -1.20060274e-07, -1.03584753e-07,  3.12543926e-08],
       [-1.05174806e-08, -5.72237775e-08, -3.79142346e-08, ...,
        -1.13105919e-07, -9.78432403e-08,  3.19121262e-08],
       ...,
       [ 4.83817682e-08, -1.65577740e-08,  2.46099841e-08, ...,
         5.29947240e-08,  5.91892734e-08, -5.04552383e-09],
       [ 4.55799996e-08, -9.09682343e-09,  5.86979323e-09, ...,
         5.08713724e-08,  4.12791243e-08,  2.11294645e-08],
       [ 3.09737718e-08, -1.43126151e-09, -8.53858978e-09, ...,
         5.42797081e-08,  3.89529609e-08,  4.44127812e-08]]), array([[-4.64195129e-08, -1.04985893e-07, -6.25033155e-08, ...,
         6.72737309e-08,  1.76445802e-08,  4.86539752e-08],
       [-7.90724007e-08, -1.67013975e-07, -1.05425942e-07, ...,
         1.08386774e-07,  2.89133276e-08,  6.44736835e-08],
       [-7.43316519e-08, -1.53027810e-07, -9.02181559e-08, ...,
         9.43543914e-08,  2.68683643e-08,  2.94938200e-08],
       ...,
       [ 1.23272917e-07,  2.09093600e-07,  2.59285595e-08, ...,
        -1.12515424e-07,  1.69910609e-08, -1.48516328e-08],
       [ 9.01300480e-08,  2.01220386e-07,  6.22945100e-09, ...,
        -1.15220312e-07,  1.82310888e-09, -4.10791372e-08],
       [ 5.76259073e-08,  2.01813226e-07, -1.35735315e-08, ...,
        -1.19958205e-07, -1.41639149e-08, -6.55570841e-08]]), array([[-2.25313013e-08,  9.37960609e-08, -3.61459700e-08, ...,
        -5.50547745e-08,  2.54232642e-08, -5.48985895e-08],
       [-4.10004795e-08,  1.35310577e-07, -4.66898902e-08, ...,
        -7.32381581e-08,  6.49193469e-08, -7.15446846e-08],
       [-3.88690747e-08,  1.05848591e-07, -2.17106097e-08, ...,
        -4.81519578e-08,  8.27295598e-08, -3.51121841e-08],
       ...,
       [-1.02205911e-07, -9.02410308e-08, -5.21401743e-09, ...,
         8.76710771e-08, -2.56504296e-08,  7.20745086e-08],
       [-1.06221615e-07, -9.02777529e-08, -2.57455899e-08, ...,
         7.42208351e-08, -3.75898234e-08,  7.03591372e-08],
       [-1.03839884e-07, -9.46678057e-08, -3.69727729e-08, ...,
         6.49518289e-08, -4.68458810e-08,  6.66531633e-08]]), array([[ 3.72416032e-08, -2.98900459e-08,  3.93419229e-08, ...,
        -2.38064647e-08,  6.18171798e-08, -2.09715335e-08],
       [ 6.88538589e-08, -4.94812696e-08,  8.99652218e-08, ...,
        -2.51956939e-08,  1.18451169e-07, -1.77340992e-08],
       [ 6.64435599e-08, -4.15522784e-08,  1.01253926e-07, ...,
        -2.96012995e-09,  1.31109120e-07, -9.06014814e-09],
       ...,
       [ 3.95064298e-08, -9.12408483e-09,  3.02541228e-08, ...,
        -6.91876459e-08,  1.72901568e-08, -6.77463933e-08],
       [ 6.81345276e-08, -1.84818582e-08,  4.76924325e-08, ...,
        -5.40724179e-08,  3.65378351e-08, -4.45724949e-08],
       [ 1.00352885e-07, -2.24870013e-08,  8.25776715e-08, ...,
        -4.03841711e-08,  5.07015568e-08, -3.67088042e-08]]), array([[-4.63343073e-08, -5.98135824e-08, -6.12824737e-08, ...,
         2.94252250e-08,  5.57640186e-08,  9.34761395e-08],
       [-7.25427383e-08, -1.04834542e-07, -9.15003378e-08, ...,
         5.53457472e-08,  8.82880021e-08,  1.32860546e-07],
       [-5.65080859e-08, -1.05158580e-07, -6.41966727e-08, ...,
         6.37962318e-08,  8.65433200e-08,  1.10496849e-07],
       ...,
       [ 9.22003009e-08,  1.90462085e-07,  6.87089510e-08, ...,
        -2.71402850e-08, -1.26695454e-07, -1.91040736e-08],
       [ 9.86127003e-08,  1.83153405e-07,  8.55639745e-08, ...,
        -2.71426977e-08, -1.17282302e-07, -1.94768486e-08],
       [ 1.13959341e-07,  1.54507511e-07,  1.01786390e-07, ...,
        -3.97323367e-08, -1.25311929e-07, -2.36200758e-08]])]
The MNI coordinate [59.66666667 63.33333333 -3.66666667] falls into parcel label 0.
The MNI coordinate [47.33333333 74.          1.33333333] falls into parcel label 0.
The MNI coordinate [55.33333333 66.          5.66666667] falls into parcel label 0.
The MNI coordinate [25.33333333 85.66666667  1.        ] falls into parcel label 0.
The MNI coordinate [ 7.33333333 88.          1.33333333] falls into parcel label 0.
The MNI coordinate [11.         87.         14.33333333] falls into parcel label 0.
The MNI coordinate [-9.33333333 88.         -7.33333333] falls into parcel label 0.
The MNI coordinate [-18.66666667  86.           4.        ] falls into parcel label 0.
The MNI coordinate [-2.66666667 88.          9.33333333] falls into parcel label 0.
The MNI coordinate [-10.66666667  84.66666667  21.        ] falls into parcel label 0.
The MNI coordinate [ 2. 86. 22.] falls into parcel label 0.
The MNI coordinate [ 0.33333333 81.33333333 32.66666667] falls into parcel label 0.
The MNI coordinate [45.33333333 74.          9.33333333] falls into parcel label 0.
The MNI coordinate [50.66666667 67.66666667 16.66666667] falls into parcel label 0.
The MNI coordinate [42.66666667 73.66666667 20.66666667] falls into parcel label 0.
The MNI coordinate [67.33333333 50.33333333  0.33333333] falls into parcel label 0.
The MNI coordinate [60.33333333 59.33333333  7.66666667] falls into parcel label 0.
The MNI coordinate [71.33333333 41.         10.33333333] falls into parcel label 0.
The MNI coordinate [67. 46. 18.] falls into parcel label 0.
The MNI coordinate [ 87.         -20.33333333   4.        ] falls into parcel label 0.
The MNI coordinate [ 86.         -37.33333333  12.        ] falls into parcel label 0.
The MNI coordinate [ 86.         -40.66666667   3.66666667] falls into parcel label 0.
The MNI coordinate [75.         31.66666667 10.        ] falls into parcel label 0.
The MNI coordinate [82.  7.  7.] falls into parcel label 0.
The MNI coordinate [79. 15. 21.] falls into parcel label 0.
The MNI coordinate [ 86.         -15.           9.66666667] falls into parcel label 0.
The MNI coordinate [83. -9. 28.] falls into parcel label 0.
The MNI coordinate [ 86.         -30.33333333  18.66666667] falls into parcel label 0.
The MNI coordinate [83. -9. 28.] falls into parcel label 0.
The MNI coordinate [ 84.33333333 -37.          29.33333333] falls into parcel label 0.
The MNI coordinate [ 82.66666667 -15.          35.33333333] falls into parcel label 0.
The MNI coordinate [ 82.         -34.66666667  43.33333333] falls into parcel label 0.
The MNI coordinate [74. 32. 20.] falls into parcel label 0.
The MNI coordinate [75. 21. 32.] falls into parcel label 0.
The MNI coordinate [75. 21. 32.] falls into parcel label 0.
The MNI coordinate [72. 34. 25.] falls into parcel label 70.
The MNI coordinate [-80.   4.  -2.] falls into parcel label 0.
The MNI coordinate [-82.         -46.66666667  11.66666667] falls into parcel label 0.
The MNI coordinate [-77. -64.  -4.] falls into parcel label 0.
The MNI coordinate [-81.         -50.66666667 -11.        ] falls into parcel label 0.
The MNI coordinate [-30.66666667  79.          16.33333333] falls into parcel label 0.
The MNI coordinate [-64.          49.66666667   6.        ] falls into parcel label 0.
The MNI coordinate [-53.33333333  60.66666667  17.        ] falls into parcel label 0.
The MNI coordinate [-75.66666667  19.           7.        ] falls into parcel label 0.
The MNI coordinate [-67.  34.  28.] falls into parcel label 203.
The MNI coordinate [-81. -14.  27.] falls into parcel label 0.
The MNI coordinate [-61.33333333  27.66666667  46.66666667] falls into parcel label 0.
The MNI coordinate [-79.33333333 -41.          40.        ] falls into parcel label 0.
The MNI coordinate [-56.66666667  12.          64.33333333] falls into parcel label 0.
The MNI coordinate [-48.66666667 -23.33333333  84.        ] falls into parcel label 0.
The MNI coordinate [-19.66666667  77.66666667  33.        ] falls into parcel label 172.
The MNI coordinate [-37.66666667  64.          40.33333333] falls into parcel label 0.
The MNI coordinate [-33.66666667  55.66666667  53.66666667] falls into parcel label 0.
The MNI coordinate [-5.33333333 74.33333333 44.33333333] falls into parcel label 0.
The MNI coordinate [-44.33333333  27.          67.        ] falls into parcel label 0.
/projects/alar6830/software/anaconda/envs/BolT/lib/python3.7/site-packages/nilearn/__init__.py:67: FutureWarning: Python 3.7 support is deprecated and will be removed in release 0.12 of Nilearn. Consider switching to Python 3.9 or 3.10.
  _python_deprecation_warnings()
/projects/alar6830/software/anaconda/envs/BolT/lib/python3.7/site-packages/nilearn/input_data/__init__.py:23: FutureWarning: The import path 'nilearn.input_data' is deprecated in version 0.9. Importing from 'nilearn.input_data' will be possible at least until release 0.13.0. Please import from 'nilearn.maskers' instead.
  warnings.warn(message, FutureWarning)
Traceback (most recent call last):
  File "prep.py", line 24, in <module>
    prep(argv.atlas, argv.name, argv.fnirs )
  File "/projects/alar6830/BolT/Dataset/Prep/prep_abide.py", line 95, in prep_hcp
    atlasImage = prep_atlas(atlas, datadir, MNI_coords)
  File "/projects/alar6830/BolT/Dataset/Prep/prep_atlas.py", line 83, in prep_atlas
    label = get_parcel_label(coord, atlas_data, atlas_img.affine)
  File "/projects/alar6830/BolT/Dataset/Prep/fnirs_utils.py", line 51, in get_parcel_label
    label = atlas_data[tuple(voxel_indices)]
IndexError: index 93 is out of bounds for axis 2 with size 91
done prepping
