usage: conda [-h] [--no-plugins] [-V] COMMAND ...
conda: error: argument COMMAND: invalid choice: 'deactivate' (choose from 'clean', 'compare', 'config', 'create', 'info', 'init', 'install', 'list', 'notices', 'package', 'remove', 'uninstall', 'rename', 'run', 'search', 'update', 'upgrade', 'build', 'content-trust', 'convert', 'debug', 'develop', 'doctor', 'index', 'inspect', 'metapackage', 'render', 'skeleton', 'verify', 'repo', 'token', 'env', 'pack', 'server')
usage: conda [-h] [--no-plugins] [-V] COMMAND ...
conda: error: argument COMMAND: invalid choice: 'deactivate' (choose from 'clean', 'compare', 'config', 'create', 'info', 'init', 'install', 'list', 'notices', 'package', 'remove', 'uninstall', 'rename', 'run', 'search', 'update', 'upgrade', 'build', 'content-trust', 'convert', 'debug', 'develop', 'doctor', 'index', 'inspect', 'metapackage', 'render', 'skeleton', 'token', 'server', 'pack', 'env', 'verify', 'repo')
/projects/alar6830/software/anaconda/envs/BolT/lib/python3.7/site-packages/nilearn/__init__.py:67: FutureWarning: Python 3.7 support is deprecated and will be removed in release 0.12 of Nilearn. Consider switching to Python 3.9 or 3.10.
  _python_deprecation_warnings()
/projects/alar6830/software/anaconda/envs/BolT/lib/python3.7/site-packages/nilearn/input_data/__init__.py:23: FutureWarning: The import path 'nilearn.input_data' is deprecated in version 0.9. Importing from 'nilearn.input_data' will be possible at least until release 0.13.0. Please import from 'nilearn.maskers' instead.
  warnings.warn(message, FutureWarning)
400.0
Traceback (most recent call last):
  File "prep.py", line 24, in <module>
    prep(argv.atlas, argv.name, argv.fnirs )
  File "/projects/alar6830/BolT/Dataset/Prep/prep_abide.py", line 95, in prep_hcp
    atlasImage = prep_atlas(atlas, datadir, MNI_coords)
  File "/projects/alar6830/BolT/Dataset/Prep/prep_atlas.py", line 75, in prep_atlas
    mni_coords = sample(calc_COM(atlas_img),5)
  File "/projects/alar6830/BolT/Dataset/Prep/prep_atlas.py", line 33, in calc_COM
    com_mni = plotting.coord_transform(
AttributeError: module 'nilearn.plotting' has no attribute 'coord_transform'
done prepping
