/projects/alar6830/software/anaconda/envs/BolT/lib/python3.7/site-packages/nilearn/__init__.py:67: FutureWarning: Python 3.7 support is deprecated and will be removed in release 0.12 of Nilearn. Consider switching to Python 3.9 or 3.10.
  _python_deprecation_warnings()
/projects/alar6830/software/anaconda/envs/BolT/lib/python3.7/site-packages/nilearn/input_data/__init__.py:23: FutureWarning: The import path 'nilearn.input_data' is deprecated in version 0.9. Importing from 'nilearn.input_data' will be possible at least until release 0.13.0. Please import from 'nilearn.maskers' instead.
  warnings.warn(message, FutureWarning)
Error: name 'most_common_label' is not defined
Error: name 'most_common_label' is not defined
Error: name 'most_common_label' is not defined
Error: name 'most_common_label' is not defined
Error: name 'most_common_label' is not defined
Error: name 'most_common_label' is not defined
Error: name 'most_common_label' is not defined
Error: name 'most_common_label' is not defined
Error: name 'most_common_label' is not defined
Error: name 'most_common_label' is not defined
Error: name 'most_common_label' is not defined
Error: name 'most_common_label' is not defined
Error: name 'most_common_label' is not defined
Error: name 'most_common_label' is not defined
Error: name 'most_common_label' is not defined
Error: name 'most_common_label' is not defined
Error: name 'most_common_label' is not defined
Error: name 'most_common_label' is not defined
Error: name 'most_common_label' is not defined
Error: name 'most_common_label' is not defined
Error: name 'most_common_label' is not defined
Error: name 'most_common_label' is not defined
Error: name 'most_common_label' is not defined
Error: name 'most_common_label' is not defined
Error: name 'most_common_label' is not defined
Error: name 'most_common_label' is not defined
Error: name 'most_common_label' is not defined
Error: name 'most_common_label' is not defined
Error: name 'most_common_label' is not defined
Error: name 'most_common_label' is not defined
Error: name 'most_common_label' is not defined
Error: name 'most_common_label' is not defined
Error: name 'most_common_label' is not defined
Error: name 'most_common_label' is not defined
Error: name 'most_common_label' is not defined
Error: name 'most_common_label' is not defined
Error: name 'most_common_label' is not defined
Error: name 'most_common_label' is not defined
Error: name 'most_common_label' is not defined
Error: name 'most_common_label' is not defined
Error: name 'most_common_label' is not defined
Error: name 'most_common_label' is not defined
Error: name 'most_common_label' is not defined
Error: name 'most_common_label' is not defined
Error: name 'most_common_label' is not defined
Error: name 'most_common_label' is not defined
Error: name 'most_common_label' is not defined
Error: name 'most_common_label' is not defined
Error: name 'most_common_label' is not defined
Error: name 'most_common_label' is not defined
Error: name 'most_common_label' is not defined
Error: name 'most_common_label' is not defined
Error: name 'most_common_label' is not defined
Error: name 'most_common_label' is not defined
Error: name 'most_common_label' is not defined
Error: name 'most_common_label' is not defined
Error: name 'most_common_label' is not defined
Error: name 'most_common_label' is not defined
Error: name 'most_common_label' is not defined
Error: name 'most_common_label' is not defined
Error: name 'most_common_label' is not defined
Error: name 'most_common_label' is not defined
Error: name 'most_common_label' is not defined
Error: name 'most_common_label' is not defined
Error: name 'most_common_label' is not defined
Error: name 'most_common_label' is not defined
Error: name 'most_common_label' is not defined
Error: name 'most_common_label' is not defined
Error: name 'most_common_label' is not defined
Error: name 'most_common_label' is not defined
Error: name 'most_common_label' is not defined
Error: name 'most_common_label' is not defined
Error: name 'most_common_label' is not defined
Error: name 'most_common_label' is not defined
Error: name 'most_common_label' is not defined
Error: name 'most_common_label' is not defined
Error: name 'most_common_label' is not defined
Error: name 'most_common_label' is not defined
Error: name 'most_common_label' is not defined
Error: name 'most_common_label' is not defined
Error: name 'most_common_label' is not defined
Error: name 'most_common_label' is not defined
Error: name 'most_common_label' is not defined
Error: name 'most_common_label' is not defined
Error: name 'most_common_label' is not defined
Error: name 'most_common_label' is not defined
Error: name 'most_common_label' is not defined
Error: name 'most_common_label' is not defined
Error: name 'most_common_label' is not defined
Error: name 'most_common_label' is not defined
Error: name 'most_common_label' is not defined
Error: name 'most_common_label' is not defined
Error: name 'most_common_label' is not defined
Error: name 'most_common_label' is not defined
Error: name 'most_common_label' is not defined
Error: name 'most_common_label' is not defined
Error: name 'most_common_label' is not defined
Error: name 'most_common_label' is not defined
Error: name 'most_common_label' is not defined
Error: name 'most_common_label' is not defined
Error: name 'most_common_label' is not defined
Error: name 'most_common_label' is not defined
Error: name 'most_common_label' is not defined
Error: name 'most_common_label' is not defined
Error: name 'most_common_label' is not defined
Error: name 'most_common_label' is not defined
Error: name 'most_common_label' is not defined
Traceback (most recent call last):
  File "prep.py", line 24, in <module>
    prep(argv.atlas, argv.name, argv.fnirs )
  File "/projects/alar6830/BolT/Dataset/Prep/prep_abide.py", line 95, in prep_hcp
    atlasImage = prep_atlas(atlas, datadir, MNI_coords)
  File "/projects/alar6830/BolT/Dataset/Prep/prep_atlas.py", line 88, in prep_atlas
    roi_indices = np.unique(roi_indices, atlas_data, atlas_img.affine)
  File "<__array_function__ internals>", line 6, in unique
  File "/projects/alar6830/software/anaconda/envs/BolT/lib/python3.7/site-packages/numpy/lib/arraysetops.py", line 272, in unique
    ret = _unique1d(ar, return_index, return_inverse, return_counts)
  File "/projects/alar6830/software/anaconda/envs/BolT/lib/python3.7/site-packages/numpy/lib/arraysetops.py", line 327, in _unique1d
    optional_indices = return_index or return_inverse
ValueError: The truth value of an array with more than one element is ambiguous. Use a.any() or a.all()
done prepping
